TN:
SF:index.js
FN:1,(anonymous_0)
FN:44,(anonymous_1)
FN:57,(anonymous_2)
FN:65,(anonymous_3)
FNF:4
FNH:4
FNDA:12,(anonymous_0)
FNDA:3,(anonymous_1)
FNDA:7,(anonymous_2)
FNDA:8,(anonymous_3)
DA:1,1
DA:2,12
DA:3,12
DA:4,1
DA:7,11
DA:8,1
DA:11,10
DA:12,1
DA:15,9
DA:16,1
DA:19,8
DA:20,1
DA:23,7
DA:24,1
DA:27,6
DA:28,1
DA:31,5
DA:32,1
DA:35,4
DA:36,1
DA:39,3
DA:40,1
DA:44,1
DA:45,3
DA:55,3
DA:56,3
DA:57,7
DA:59,1
DA:60,1
DA:65,8
DA:67,2
DA:68,1
DA:72,1
DA:77,1
LF:34
LH:34
BRDA:3,0,0,1
BRDA:3,0,1,11
BRDA:7,1,0,1
BRDA:7,1,1,10
BRDA:11,2,0,1
BRDA:11,2,1,9
BRDA:15,3,0,1
BRDA:15,3,1,8
BRDA:19,4,0,1
BRDA:19,4,1,7
BRDA:23,5,0,1
BRDA:23,5,1,6
BRDA:27,6,0,1
BRDA:27,6,1,5
BRDA:31,7,0,1
BRDA:31,7,1,4
BRDA:35,8,0,1
BRDA:35,8,1,3
BRDA:39,9,0,1
BRDA:39,9,1,2
BRDA:56,10,0,1
BRDA:56,10,1,2
BRDA:56,11,0,3
BRDA:56,11,1,3
BRDA:59,12,0,1
BRDA:59,12,1,0
BRDA:67,13,0,1
BRDA:67,13,1,1
BRF:28
BRH:27
end_of_record
